<?xml version="1.0" encoding="UTF-8"?>
<testsuite xmlns:xsi="http://www.w3.org/2001/XMLSchema-instance" xsi:noNamespaceSchemaLocation="https://maven.apache.org/surefire/maven-surefire-plugin/xsd/surefire-test-report.xsd" name="com.high_con.grad.controller.AdminControllerTest" time="0.02" tests="3" errors="0" skipped="0" failures="0">
  <properties>
    <property name="sun.desktop" value="windows"/>
    <property name="awt.toolkit" value="sun.awt.windows.WToolkit"/>
    <property name="file.encoding.pkg" value="sun.io"/>
    <property name="java.specification.version" value="1.8"/>
    <property name="sun.cpu.isalist" value="amd64"/>
    <property name="sun.jnu.encoding" value="GBK"/>
    <property name="java.class.path" value="D:\high_concurrent\grad\target\test-classes;D:\high_concurrent\grad\target\classes;D:\apache-maven-3.6.1\repository\org\springframework\boot\spring-boot-starter-web\2.7.6\spring-boot-starter-web-2.7.6.jar;D:\apache-maven-3.6.1\repository\org\springframework\boot\spring-boot-starter\2.7.6\spring-boot-starter-2.7.6.jar;D:\apache-maven-3.6.1\repository\org\springframework\boot\spring-boot\2.7.6\spring-boot-2.7.6.jar;D:\apache-maven-3.6.1\repository\org\springframework\boot\spring-boot-autoconfigure\2.7.6\spring-boot-autoconfigure-2.7.6.jar;D:\apache-maven-3.6.1\repository\org\springframework\boot\spring-boot-starter-logging\2.7.6\spring-boot-starter-logging-2.7.6.jar;D:\apache-maven-3.6.1\repository\ch\qos\logback\logback-classic\1.2.11\logback-classic-1.2.11.jar;D:\apache-maven-3.6.1\repository\ch\qos\logback\logback-core\1.2.11\logback-core-1.2.11.jar;D:\apache-maven-3.6.1\repository\org\apache\logging\log4j\log4j-to-slf4j\2.17.2\log4j-to-slf4j-2.17.2.jar;D:\apache-maven-3.6.1\repository\org\apache\logging\log4j\log4j-api\2.17.2\log4j-api-2.17.2.jar;D:\apache-maven-3.6.1\repository\org\slf4j\jul-to-slf4j\1.7.36\jul-to-slf4j-1.7.36.jar;D:\apache-maven-3.6.1\repository\org\springframework\spring-core\5.3.24\spring-core-5.3.24.jar;D:\apache-maven-3.6.1\repository\org\springframework\spring-jcl\5.3.24\spring-jcl-5.3.24.jar;D:\apache-maven-3.6.1\repository\org\yaml\snakeyaml\1.30\snakeyaml-1.30.jar;D:\apache-maven-3.6.1\repository\org\springframework\boot\spring-boot-starter-json\2.7.6\spring-boot-starter-json-2.7.6.jar;D:\apache-maven-3.6.1\repository\com\fasterxml\jackson\core\jackson-databind\2.13.4.2\jackson-databind-2.13.4.2.jar;D:\apache-maven-3.6.1\repository\com\fasterxml\jackson\core\jackson-core\2.13.4\jackson-core-2.13.4.jar;D:\apache-maven-3.6.1\repository\com\fasterxml\jackson\datatype\jackson-datatype-jdk8\2.13.4\jackson-datatype-jdk8-2.13.4.jar;D:\apache-maven-3.6.1\repository\com\fasterxml\jackson\datatype\jackson-datatype-jsr310\2.13.4\jackson-datatype-jsr310-2.13.4.jar;D:\apache-maven-3.6.1\repository\com\fasterxml\jackson\module\jackson-module-parameter-names\2.13.4\jackson-module-parameter-names-2.13.4.jar;D:\apache-maven-3.6.1\repository\org\springframework\spring-web\5.3.24\spring-web-5.3.24.jar;D:\apache-maven-3.6.1\repository\org\springframework\spring-beans\5.3.24\spring-beans-5.3.24.jar;D:\apache-maven-3.6.1\repository\org\springframework\spring-webmvc\5.3.24\spring-webmvc-5.3.24.jar;D:\apache-maven-3.6.1\repository\org\springframework\spring-aop\5.3.24\spring-aop-5.3.24.jar;D:\apache-maven-3.6.1\repository\org\springframework\spring-context\5.3.24\spring-context-5.3.24.jar;D:\apache-maven-3.6.1\repository\org\springframework\spring-expression\5.3.24\spring-expression-5.3.24.jar;D:\apache-maven-3.6.1\repository\org\springframework\boot\spring-boot-starter-thymeleaf\2.7.6\spring-boot-starter-thymeleaf-2.7.6.jar;D:\apache-maven-3.6.1\repository\org\thymeleaf\thymeleaf-spring5\3.0.15.RELEASE\thymeleaf-spring5-3.0.15.RELEASE.jar;D:\apache-maven-3.6.1\repository\org\thymeleaf\thymeleaf\3.0.15.RELEASE\thymeleaf-3.0.15.RELEASE.jar;D:\apache-maven-3.6.1\repository\org\attoparser\attoparser\2.0.5.RELEASE\attoparser-2.0.5.RELEASE.jar;D:\apache-maven-3.6.1\repository\org\unbescape\unbescape\1.1.6.RELEASE\unbescape-1.1.6.RELEASE.jar;D:\apache-maven-3.6.1\repository\org\thymeleaf\extras\thymeleaf-extras-java8time\3.0.4.RELEASE\thymeleaf-extras-java8time-3.0.4.RELEASE.jar;D:\apache-maven-3.6.1\repository\org\mybatis\spring\boot\mybatis-spring-boot-starter\2.1.3\mybatis-spring-boot-starter-2.1.3.jar;D:\apache-maven-3.6.1\repository\org\springframework\boot\spring-boot-starter-jdbc\2.7.6\spring-boot-starter-jdbc-2.7.6.jar;D:\apache-maven-3.6.1\repository\com\zaxxer\HikariCP\4.0.3\HikariCP-4.0.3.jar;D:\apache-maven-3.6.1\repository\org\springframework\spring-jdbc\5.3.24\spring-jdbc-5.3.24.jar;D:\apache-maven-3.6.1\repository\org\mybatis\spring\boot\mybatis-spring-boot-autoconfigure\2.1.3\mybatis-spring-boot-autoconfigure-2.1.3.jar;D:\apache-maven-3.6.1\repository\org\mybatis\mybatis\3.5.5\mybatis-3.5.5.jar;D:\apache-maven-3.6.1\repository\org\mybatis\mybatis-spring\2.0.5\mybatis-spring-2.0.5.jar;D:\apache-maven-3.6.1\repository\com\baomidou\mybatis-plus\3.5.0\mybatis-plus-3.5.0.jar;D:\apache-maven-3.6.1\repository\com\baomidou\mybatis-plus-extension\3.5.0\mybatis-plus-extension-3.5.0.jar;D:\apache-maven-3.6.1\repository\com\baomidou\mybatis-plus-core\3.5.0\mybatis-plus-core-3.5.0.jar;D:\apache-maven-3.6.1\repository\com\baomidou\mybatis-plus-annotation\3.5.0\mybatis-plus-annotation-3.5.0.jar;D:\apache-maven-3.6.1\repository\tk\mybatis\mapper-spring-boot-starter\2.1.3\mapper-spring-boot-starter-2.1.3.jar;D:\apache-maven-3.6.1\repository\tk\mybatis\mapper-core\1.1.3\mapper-core-1.1.3.jar;D:\apache-maven-3.6.1\repository\javax\persistence\persistence-api\1.0\persistence-api-1.0.jar;D:\apache-maven-3.6.1\repository\tk\mybatis\mapper-base\1.1.3\mapper-base-1.1.3.jar;D:\apache-maven-3.6.1\repository\tk\mybatis\mapper-weekend\1.1.4.5\mapper-weekend-1.1.4.5.jar;D:\apache-maven-3.6.1\repository\tk\mybatis\mapper-spring\1.1.3\mapper-spring-1.1.3.jar;D:\apache-maven-3.6.1\repository\tk\mybatis\mapper-extra\1.1.3\mapper-extra-1.1.3.jar;D:\apache-maven-3.6.1\repository\tk\mybatis\mapper-spring-boot-autoconfigure\2.1.3\mapper-spring-boot-autoconfigure-2.1.3.jar;D:\apache-maven-3.6.1\repository\com\mysql\mysql-connector-j\8.0.31\mysql-connector-j-8.0.31.jar;D:\apache-maven-3.6.1\repository\com\alibaba\druid\1.0.5\druid-1.0.5.jar;D:\apache-maven-3.6.1\repository\redis\clients\jedis\3.8.0\jedis-3.8.0.jar;D:\apache-maven-3.6.1\repository\org\slf4j\slf4j-api\1.7.36\slf4j-api-1.7.36.jar;D:\apache-maven-3.6.1\repository\org\apache\commons\commons-pool2\2.11.1\commons-pool2-2.11.1.jar;D:\apache-maven-3.6.1\repository\junit\junit\4.13.2\junit-4.13.2.jar;D:\apache-maven-3.6.1\repository\org\hamcrest\hamcrest-core\2.2\hamcrest-core-2.2.jar;D:\apache-maven-3.6.1\repository\org\hamcrest\hamcrest\2.2\hamcrest-2.2.jar;D:\apache-maven-3.6.1\repository\io\springfox\springfox-swagger2\3.0.0\springfox-swagger2-3.0.0.jar;D:\apache-maven-3.6.1\repository\io\springfox\springfox-spi\3.0.0\springfox-spi-3.0.0.jar;D:\apache-maven-3.6.1\repository\io\springfox\springfox-core\3.0.0\springfox-core-3.0.0.jar;D:\apache-maven-3.6.1\repository\net\bytebuddy\byte-buddy\1.12.19\byte-buddy-1.12.19.jar;D:\apache-maven-3.6.1\repository\io\springfox\springfox-schema\3.0.0\springfox-schema-3.0.0.jar;D:\apache-maven-3.6.1\repository\io\springfox\springfox-swagger-common\3.0.0\springfox-swagger-common-3.0.0.jar;D:\apache-maven-3.6.1\repository\io\swagger\core\v3\swagger-annotations\2.1.2\swagger-annotations-2.1.2.jar;D:\apache-maven-3.6.1\repository\io\springfox\springfox-spring-web\3.0.0\springfox-spring-web-3.0.0.jar;D:\apache-maven-3.6.1\repository\io\github\classgraph\classgraph\4.8.83\classgraph-4.8.83.jar;D:\apache-maven-3.6.1\repository\io\springfox\springfox-spring-webmvc\3.0.0\springfox-spring-webmvc-3.0.0.jar;D:\apache-maven-3.6.1\repository\io\springfox\springfox-spring-webflux\3.0.0\springfox-spring-webflux-3.0.0.jar;D:\apache-maven-3.6.1\repository\com\fasterxml\classmate\1.5.1\classmate-1.5.1.jar;D:\apache-maven-3.6.1\repository\org\springframework\plugin\spring-plugin-core\2.0.0.RELEASE\spring-plugin-core-2.0.0.RELEASE.jar;D:\apache-maven-3.6.1\repository\org\springframework\plugin\spring-plugin-metadata\2.0.0.RELEASE\spring-plugin-metadata-2.0.0.RELEASE.jar;D:\apache-maven-3.6.1\repository\io\swagger\swagger-annotations\1.5.20\swagger-annotations-1.5.20.jar;D:\apache-maven-3.6.1\repository\io\swagger\swagger-models\1.5.20\swagger-models-1.5.20.jar;D:\apache-maven-3.6.1\repository\com\fasterxml\jackson\core\jackson-annotations\2.13.4\jackson-annotations-2.13.4.jar;D:\apache-maven-3.6.1\repository\org\mapstruct\mapstruct\1.3.1.Final\mapstruct-1.3.1.Final.jar;D:\apache-maven-3.6.1\repository\io\springfox\springfox-swagger-ui\3.0.0\springfox-swagger-ui-3.0.0.jar;D:\apache-maven-3.6.1\repository\com\alibaba\fastjson\1.2.38\fastjson-1.2.38.jar;D:\apache-maven-3.6.1\repository\org\springframework\boot\spring-boot-configuration-processor\2.7.6\spring-boot-configuration-processor-2.7.6.jar;D:\apache-maven-3.6.1\repository\commons-codec\commons-codec\1.15\commons-codec-1.15.jar;D:\apache-maven-3.6.1\repository\org\apache\commons\commons-lang3\3.7\commons-lang3-3.7.jar;D:\apache-maven-3.6.1\repository\org\springframework\boot\spring-boot-starter-validation\2.7.6\spring-boot-starter-validation-2.7.6.jar;D:\apache-maven-3.6.1\repository\org\apache\tomcat\embed\tomcat-embed-el\9.0.69\tomcat-embed-el-9.0.69.jar;D:\apache-maven-3.6.1\repository\org\hibernate\validator\hibernate-validator\6.2.5.Final\hibernate-validator-6.2.5.Final.jar;D:\apache-maven-3.6.1\repository\jakarta\validation\jakarta.validation-api\2.0.2\jakarta.validation-api-2.0.2.jar;D:\apache-maven-3.6.1\repository\org\jboss\logging\jboss-logging\3.4.3.Final\jboss-logging-3.4.3.Final.jar;D:\apache-maven-3.6.1\repository\org\springframework\boot\spring-boot-starter-amqp\2.7.6\spring-boot-starter-amqp-2.7.6.jar;D:\apache-maven-3.6.1\repository\org\springframework\spring-messaging\5.3.24\spring-messaging-5.3.24.jar;D:\apache-maven-3.6.1\repository\org\springframework\amqp\spring-rabbit\2.4.8\spring-rabbit-2.4.8.jar;D:\apache-maven-3.6.1\repository\org\springframework\amqp\spring-amqp\2.4.8\spring-amqp-2.4.8.jar;D:\apache-maven-3.6.1\repository\org\springframework\retry\spring-retry\1.3.4\spring-retry-1.3.4.jar;D:\apache-maven-3.6.1\repository\com\rabbitmq\amqp-client\5.14.2\amqp-client-5.14.2.jar;D:\apache-maven-3.6.1\repository\org\springframework\spring-tx\5.3.24\spring-tx-5.3.24.jar;D:\apache-maven-3.6.1\repository\com\github\pagehelper\pagehelper-spring-boot-starter\1.3.0\pagehelper-spring-boot-starter-1.3.0.jar;D:\apache-maven-3.6.1\repository\com\github\pagehelper\pagehelper-spring-boot-autoconfigure\1.3.0\pagehelper-spring-boot-autoconfigure-1.3.0.jar;D:\apache-maven-3.6.1\repository\com\github\pagehelper\pagehelper\5.2.0\pagehelper-5.2.0.jar;D:\apache-maven-3.6.1\repository\com\github\jsqlparser\jsqlparser\3.2\jsqlparser-3.2.jar;D:\apache-maven-3.6.1\repository\org\apache\taglibs\taglibs-standard-impl\1.2.5\taglibs-standard-impl-1.2.5.jar;D:\apache-maven-3.6.1\repository\log4j\log4j\1.2.17\log4j-1.2.17.jar;D:\apache-maven-3.6.1\repository\org\apache\taglibs\taglibs-standard-spec\1.2.5\taglibs-standard-spec-1.2.5.jar;D:\apache-maven-3.6.1\repository\org\projectlombok\lombok\1.18.24\lombok-1.18.24.jar;D:\apache-maven-3.6.1\repository\org\springframework\boot\spring-boot-starter-tomcat\2.7.6\spring-boot-starter-tomcat-2.7.6.jar;D:\apache-maven-3.6.1\repository\jakarta\annotation\jakarta.annotation-api\1.3.5\jakarta.annotation-api-1.3.5.jar;D:\apache-maven-3.6.1\repository\org\apache\tomcat\embed\tomcat-embed-core\9.0.69\tomcat-embed-core-9.0.69.jar;D:\apache-maven-3.6.1\repository\org\apache\tomcat\embed\tomcat-embed-websocket\9.0.69\tomcat-embed-websocket-9.0.69.jar;D:\apache-maven-3.6.1\repository\org\junit\jupiter\junit-jupiter\5.8.2\junit-jupiter-5.8.2.jar;D:\apache-maven-3.6.1\repository\org\junit\jupiter\junit-jupiter-api\5.8.2\junit-jupiter-api-5.8.2.jar;D:\apache-maven-3.6.1\repository\org\opentest4j\opentest4j\1.2.0\opentest4j-1.2.0.jar;D:\apache-maven-3.6.1\repository\org\junit\platform\junit-platform-commons\1.8.2\junit-platform-commons-1.8.2.jar;D:\apache-maven-3.6.1\repository\org\apiguardian\apiguardian-api\1.1.2\apiguardian-api-1.1.2.jar;D:\apache-maven-3.6.1\repository\org\junit\jupiter\junit-jupiter-params\5.8.2\junit-jupiter-params-5.8.2.jar;D:\apache-maven-3.6.1\repository\org\junit\jupiter\junit-jupiter-engine\5.8.2\junit-jupiter-engine-5.8.2.jar;D:\apache-maven-3.6.1\repository\org\junit\platform\junit-platform-engine\1.8.2\junit-platform-engine-1.8.2.jar;"/>
    <property name="java.vm.vendor" value="Oracle Corporation"/>
    <property name="sun.arch.data.model" value="64"/>
    <property name="user.variant" value=""/>
    <property name="java.vendor.url" value="http://java.oracle.com/"/>
    <property name="user.timezone" value="Asia/Shanghai"/>
    <property name="java.vm.specification.version" value="1.8"/>
    <property name="os.name" value="Windows 11"/>
    <property name="user.country" value="CN"/>
    <property name="sun.java.launcher" value="SUN_STANDARD"/>
    <property name="sun.boot.library.path" value="C:\Program Files\Java\jdk1.8.0_331\jre\bin"/>
    <property name="sun.java.command" value="C:\Users\23839\AppData\Local\Temp\surefire7386522201655513108\surefirebooter232120068711081714.jar C:\Users\23839\AppData\Local\Temp\surefire7386522201655513108 2023-05-03T17-14-38_521-jvmRun1 surefire1617163564211463574tmp surefire_02435399565626227361tmp"/>
    <property name="surefire.test.class.path" value="D:\high_concurrent\grad\target\test-classes;D:\high_concurrent\grad\target\classes;D:\apache-maven-3.6.1\repository\org\springframework\boot\spring-boot-starter-web\2.7.6\spring-boot-starter-web-2.7.6.jar;D:\apache-maven-3.6.1\repository\org\springframework\boot\spring-boot-starter\2.7.6\spring-boot-starter-2.7.6.jar;D:\apache-maven-3.6.1\repository\org\springframework\boot\spring-boot\2.7.6\spring-boot-2.7.6.jar;D:\apache-maven-3.6.1\repository\org\springframework\boot\spring-boot-autoconfigure\2.7.6\spring-boot-autoconfigure-2.7.6.jar;D:\apache-maven-3.6.1\repository\org\springframework\boot\spring-boot-starter-logging\2.7.6\spring-boot-starter-logging-2.7.6.jar;D:\apache-maven-3.6.1\repository\ch\qos\logback\logback-classic\1.2.11\logback-classic-1.2.11.jar;D:\apache-maven-3.6.1\repository\ch\qos\logback\logback-core\1.2.11\logback-core-1.2.11.jar;D:\apache-maven-3.6.1\repository\org\apache\logging\log4j\log4j-to-slf4j\2.17.2\log4j-to-slf4j-2.17.2.jar;D:\apache-maven-3.6.1\repository\org\apache\logging\log4j\log4j-api\2.17.2\log4j-api-2.17.2.jar;D:\apache-maven-3.6.1\repository\org\slf4j\jul-to-slf4j\1.7.36\jul-to-slf4j-1.7.36.jar;D:\apache-maven-3.6.1\repository\org\springframework\spring-core\5.3.24\spring-core-5.3.24.jar;D:\apache-maven-3.6.1\repository\org\springframework\spring-jcl\5.3.24\spring-jcl-5.3.24.jar;D:\apache-maven-3.6.1\repository\org\yaml\snakeyaml\1.30\snakeyaml-1.30.jar;D:\apache-maven-3.6.1\repository\org\springframework\boot\spring-boot-starter-json\2.7.6\spring-boot-starter-json-2.7.6.jar;D:\apache-maven-3.6.1\repository\com\fasterxml\jackson\core\jackson-databind\2.13.4.2\jackson-databind-2.13.4.2.jar;D:\apache-maven-3.6.1\repository\com\fasterxml\jackson\core\jackson-core\2.13.4\jackson-core-2.13.4.jar;D:\apache-maven-3.6.1\repository\com\fasterxml\jackson\datatype\jackson-datatype-jdk8\2.13.4\jackson-datatype-jdk8-2.13.4.jar;D:\apache-maven-3.6.1\repository\com\fasterxml\jackson\datatype\jackson-datatype-jsr310\2.13.4\jackson-datatype-jsr310-2.13.4.jar;D:\apache-maven-3.6.1\repository\com\fasterxml\jackson\module\jackson-module-parameter-names\2.13.4\jackson-module-parameter-names-2.13.4.jar;D:\apache-maven-3.6.1\repository\org\springframework\spring-web\5.3.24\spring-web-5.3.24.jar;D:\apache-maven-3.6.1\repository\org\springframework\spring-beans\5.3.24\spring-beans-5.3.24.jar;D:\apache-maven-3.6.1\repository\org\springframework\spring-webmvc\5.3.24\spring-webmvc-5.3.24.jar;D:\apache-maven-3.6.1\repository\org\springframework\spring-aop\5.3.24\spring-aop-5.3.24.jar;D:\apache-maven-3.6.1\repository\org\springframework\spring-context\5.3.24\spring-context-5.3.24.jar;D:\apache-maven-3.6.1\repository\org\springframework\spring-expression\5.3.24\spring-expression-5.3.24.jar;D:\apache-maven-3.6.1\repository\org\springframework\boot\spring-boot-starter-thymeleaf\2.7.6\spring-boot-starter-thymeleaf-2.7.6.jar;D:\apache-maven-3.6.1\repository\org\thymeleaf\thymeleaf-spring5\3.0.15.RELEASE\thymeleaf-spring5-3.0.15.RELEASE.jar;D:\apache-maven-3.6.1\repository\org\thymeleaf\thymeleaf\3.0.15.RELEASE\thymeleaf-3.0.15.RELEASE.jar;D:\apache-maven-3.6.1\repository\org\attoparser\attoparser\2.0.5.RELEASE\attoparser-2.0.5.RELEASE.jar;D:\apache-maven-3.6.1\repository\org\unbescape\unbescape\1.1.6.RELEASE\unbescape-1.1.6.RELEASE.jar;D:\apache-maven-3.6.1\repository\org\thymeleaf\extras\thymeleaf-extras-java8time\3.0.4.RELEASE\thymeleaf-extras-java8time-3.0.4.RELEASE.jar;D:\apache-maven-3.6.1\repository\org\mybatis\spring\boot\mybatis-spring-boot-starter\2.1.3\mybatis-spring-boot-starter-2.1.3.jar;D:\apache-maven-3.6.1\repository\org\springframework\boot\spring-boot-starter-jdbc\2.7.6\spring-boot-starter-jdbc-2.7.6.jar;D:\apache-maven-3.6.1\repository\com\zaxxer\HikariCP\4.0.3\HikariCP-4.0.3.jar;D:\apache-maven-3.6.1\repository\org\springframework\spring-jdbc\5.3.24\spring-jdbc-5.3.24.jar;D:\apache-maven-3.6.1\repository\org\mybatis\spring\boot\mybatis-spring-boot-autoconfigure\2.1.3\mybatis-spring-boot-autoconfigure-2.1.3.jar;D:\apache-maven-3.6.1\repository\org\mybatis\mybatis\3.5.5\mybatis-3.5.5.jar;D:\apache-maven-3.6.1\repository\org\mybatis\mybatis-spring\2.0.5\mybatis-spring-2.0.5.jar;D:\apache-maven-3.6.1\repository\com\baomidou\mybatis-plus\3.5.0\mybatis-plus-3.5.0.jar;D:\apache-maven-3.6.1\repository\com\baomidou\mybatis-plus-extension\3.5.0\mybatis-plus-extension-3.5.0.jar;D:\apache-maven-3.6.1\repository\com\baomidou\mybatis-plus-core\3.5.0\mybatis-plus-core-3.5.0.jar;D:\apache-maven-3.6.1\repository\com\baomidou\mybatis-plus-annotation\3.5.0\mybatis-plus-annotation-3.5.0.jar;D:\apache-maven-3.6.1\repository\tk\mybatis\mapper-spring-boot-starter\2.1.3\mapper-spring-boot-starter-2.1.3.jar;D:\apache-maven-3.6.1\repository\tk\mybatis\mapper-core\1.1.3\mapper-core-1.1.3.jar;D:\apache-maven-3.6.1\repository\javax\persistence\persistence-api\1.0\persistence-api-1.0.jar;D:\apache-maven-3.6.1\repository\tk\mybatis\mapper-base\1.1.3\mapper-base-1.1.3.jar;D:\apache-maven-3.6.1\repository\tk\mybatis\mapper-weekend\1.1.4.5\mapper-weekend-1.1.4.5.jar;D:\apache-maven-3.6.1\repository\tk\mybatis\mapper-spring\1.1.3\mapper-spring-1.1.3.jar;D:\apache-maven-3.6.1\repository\tk\mybatis\mapper-extra\1.1.3\mapper-extra-1.1.3.jar;D:\apache-maven-3.6.1\repository\tk\mybatis\mapper-spring-boot-autoconfigure\2.1.3\mapper-spring-boot-autoconfigure-2.1.3.jar;D:\apache-maven-3.6.1\repository\com\mysql\mysql-connector-j\8.0.31\mysql-connector-j-8.0.31.jar;D:\apache-maven-3.6.1\repository\com\alibaba\druid\1.0.5\druid-1.0.5.jar;D:\apache-maven-3.6.1\repository\redis\clients\jedis\3.8.0\jedis-3.8.0.jar;D:\apache-maven-3.6.1\repository\org\slf4j\slf4j-api\1.7.36\slf4j-api-1.7.36.jar;D:\apache-maven-3.6.1\repository\org\apache\commons\commons-pool2\2.11.1\commons-pool2-2.11.1.jar;D:\apache-maven-3.6.1\repository\junit\junit\4.13.2\junit-4.13.2.jar;D:\apache-maven-3.6.1\repository\org\hamcrest\hamcrest-core\2.2\hamcrest-core-2.2.jar;D:\apache-maven-3.6.1\repository\org\hamcrest\hamcrest\2.2\hamcrest-2.2.jar;D:\apache-maven-3.6.1\repository\io\springfox\springfox-swagger2\3.0.0\springfox-swagger2-3.0.0.jar;D:\apache-maven-3.6.1\repository\io\springfox\springfox-spi\3.0.0\springfox-spi-3.0.0.jar;D:\apache-maven-3.6.1\repository\io\springfox\springfox-core\3.0.0\springfox-core-3.0.0.jar;D:\apache-maven-3.6.1\repository\net\bytebuddy\byte-buddy\1.12.19\byte-buddy-1.12.19.jar;D:\apache-maven-3.6.1\repository\io\springfox\springfox-schema\3.0.0\springfox-schema-3.0.0.jar;D:\apache-maven-3.6.1\repository\io\springfox\springfox-swagger-common\3.0.0\springfox-swagger-common-3.0.0.jar;D:\apache-maven-3.6.1\repository\io\swagger\core\v3\swagger-annotations\2.1.2\swagger-annotations-2.1.2.jar;D:\apache-maven-3.6.1\repository\io\springfox\springfox-spring-web\3.0.0\springfox-spring-web-3.0.0.jar;D:\apache-maven-3.6.1\repository\io\github\classgraph\classgraph\4.8.83\classgraph-4.8.83.jar;D:\apache-maven-3.6.1\repository\io\springfox\springfox-spring-webmvc\3.0.0\springfox-spring-webmvc-3.0.0.jar;D:\apache-maven-3.6.1\repository\io\springfox\springfox-spring-webflux\3.0.0\springfox-spring-webflux-3.0.0.jar;D:\apache-maven-3.6.1\repository\com\fasterxml\classmate\1.5.1\classmate-1.5.1.jar;D:\apache-maven-3.6.1\repository\org\springframework\plugin\spring-plugin-core\2.0.0.RELEASE\spring-plugin-core-2.0.0.RELEASE.jar;D:\apache-maven-3.6.1\repository\org\springframework\plugin\spring-plugin-metadata\2.0.0.RELEASE\spring-plugin-metadata-2.0.0.RELEASE.jar;D:\apache-maven-3.6.1\repository\io\swagger\swagger-annotations\1.5.20\swagger-annotations-1.5.20.jar;D:\apache-maven-3.6.1\repository\io\swagger\swagger-models\1.5.20\swagger-models-1.5.20.jar;D:\apache-maven-3.6.1\repository\com\fasterxml\jackson\core\jackson-annotations\2.13.4\jackson-annotations-2.13.4.jar;D:\apache-maven-3.6.1\repository\org\mapstruct\mapstruct\1.3.1.Final\mapstruct-1.3.1.Final.jar;D:\apache-maven-3.6.1\repository\io\springfox\springfox-swagger-ui\3.0.0\springfox-swagger-ui-3.0.0.jar;D:\apache-maven-3.6.1\repository\com\alibaba\fastjson\1.2.38\fastjson-1.2.38.jar;D:\apache-maven-3.6.1\repository\org\springframework\boot\spring-boot-configuration-processor\2.7.6\spring-boot-configuration-processor-2.7.6.jar;D:\apache-maven-3.6.1\repository\commons-codec\commons-codec\1.15\commons-codec-1.15.jar;D:\apache-maven-3.6.1\repository\org\apache\commons\commons-lang3\3.7\commons-lang3-3.7.jar;D:\apache-maven-3.6.1\repository\org\springframework\boot\spring-boot-starter-validation\2.7.6\spring-boot-starter-validation-2.7.6.jar;D:\apache-maven-3.6.1\repository\org\apache\tomcat\embed\tomcat-embed-el\9.0.69\tomcat-embed-el-9.0.69.jar;D:\apache-maven-3.6.1\repository\org\hibernate\validator\hibernate-validator\6.2.5.Final\hibernate-validator-6.2.5.Final.jar;D:\apache-maven-3.6.1\repository\jakarta\validation\jakarta.validation-api\2.0.2\jakarta.validation-api-2.0.2.jar;D:\apache-maven-3.6.1\repository\org\jboss\logging\jboss-logging\3.4.3.Final\jboss-logging-3.4.3.Final.jar;D:\apache-maven-3.6.1\repository\org\springframework\boot\spring-boot-starter-amqp\2.7.6\spring-boot-starter-amqp-2.7.6.jar;D:\apache-maven-3.6.1\repository\org\springframework\spring-messaging\5.3.24\spring-messaging-5.3.24.jar;D:\apache-maven-3.6.1\repository\org\springframework\amqp\spring-rabbit\2.4.8\spring-rabbit-2.4.8.jar;D:\apache-maven-3.6.1\repository\org\springframework\amqp\spring-amqp\2.4.8\spring-amqp-2.4.8.jar;D:\apache-maven-3.6.1\repository\org\springframework\retry\spring-retry\1.3.4\spring-retry-1.3.4.jar;D:\apache-maven-3.6.1\repository\com\rabbitmq\amqp-client\5.14.2\amqp-client-5.14.2.jar;D:\apache-maven-3.6.1\repository\org\springframework\spring-tx\5.3.24\spring-tx-5.3.24.jar;D:\apache-maven-3.6.1\repository\com\github\pagehelper\pagehelper-spring-boot-starter\1.3.0\pagehelper-spring-boot-starter-1.3.0.jar;D:\apache-maven-3.6.1\repository\com\github\pagehelper\pagehelper-spring-boot-autoconfigure\1.3.0\pagehelper-spring-boot-autoconfigure-1.3.0.jar;D:\apache-maven-3.6.1\repository\com\github\pagehelper\pagehelper\5.2.0\pagehelper-5.2.0.jar;D:\apache-maven-3.6.1\repository\com\github\jsqlparser\jsqlparser\3.2\jsqlparser-3.2.jar;D:\apache-maven-3.6.1\repository\org\apache\taglibs\taglibs-standard-impl\1.2.5\taglibs-standard-impl-1.2.5.jar;D:\apache-maven-3.6.1\repository\log4j\log4j\1.2.17\log4j-1.2.17.jar;D:\apache-maven-3.6.1\repository\org\apache\taglibs\taglibs-standard-spec\1.2.5\taglibs-standard-spec-1.2.5.jar;D:\apache-maven-3.6.1\repository\org\projectlombok\lombok\1.18.24\lombok-1.18.24.jar;D:\apache-maven-3.6.1\repository\org\springframework\boot\spring-boot-starter-tomcat\2.7.6\spring-boot-starter-tomcat-2.7.6.jar;D:\apache-maven-3.6.1\repository\jakarta\annotation\jakarta.annotation-api\1.3.5\jakarta.annotation-api-1.3.5.jar;D:\apache-maven-3.6.1\repository\org\apache\tomcat\embed\tomcat-embed-core\9.0.69\tomcat-embed-core-9.0.69.jar;D:\apache-maven-3.6.1\repository\org\apache\tomcat\embed\tomcat-embed-websocket\9.0.69\tomcat-embed-websocket-9.0.69.jar;D:\apache-maven-3.6.1\repository\org\junit\jupiter\junit-jupiter\5.8.2\junit-jupiter-5.8.2.jar;D:\apache-maven-3.6.1\repository\org\junit\jupiter\junit-jupiter-api\5.8.2\junit-jupiter-api-5.8.2.jar;D:\apache-maven-3.6.1\repository\org\opentest4j\opentest4j\1.2.0\opentest4j-1.2.0.jar;D:\apache-maven-3.6.1\repository\org\junit\platform\junit-platform-commons\1.8.2\junit-platform-commons-1.8.2.jar;D:\apache-maven-3.6.1\repository\org\apiguardian\apiguardian-api\1.1.2\apiguardian-api-1.1.2.jar;D:\apache-maven-3.6.1\repository\org\junit\jupiter\junit-jupiter-params\5.8.2\junit-jupiter-params-5.8.2.jar;D:\apache-maven-3.6.1\repository\org\junit\jupiter\junit-jupiter-engine\5.8.2\junit-jupiter-engine-5.8.2.jar;D:\apache-maven-3.6.1\repository\org\junit\platform\junit-platform-engine\1.8.2\junit-platform-engine-1.8.2.jar;"/>
    <property name="sun.cpu.endian" value="little"/>
    <property name="user.home" value="C:\Users\23839"/>
    <property name="user.language" value="zh"/>
    <property name="java.specification.vendor" value="Oracle Corporation"/>
    <property name="java.home" value="C:\Program Files\Java\jdk1.8.0_331\jre"/>
    <property name="basedir" value="D:\high_concurrent\grad"/>
    <property name="file.separator" value="\"/>
    <property name="line.separator" value="&#10;"/>
    <property name="java.vm.specification.vendor" value="Oracle Corporation"/>
    <property name="java.specification.name" value="Java Platform API Specification"/>
    <property name="java.awt.graphicsenv" value="sun.awt.Win32GraphicsEnvironment"/>
    <property name="surefire.real.class.path" value="C:\Users\23839\AppData\Local\Temp\surefire7386522201655513108\surefirebooter232120068711081714.jar"/>
    <property name="sun.boot.class.path" value="C:\Program Files\Java\jdk1.8.0_331\jre\lib\resources.jar;C:\Program Files\Java\jdk1.8.0_331\jre\lib\rt.jar;C:\Program Files\Java\jdk1.8.0_331\jre\lib\sunrsasign.jar;C:\Program Files\Java\jdk1.8.0_331\jre\lib\jsse.jar;C:\Program Files\Java\jdk1.8.0_331\jre\lib\jce.jar;C:\Program Files\Java\jdk1.8.0_331\jre\lib\charsets.jar;C:\Program Files\Java\jdk1.8.0_331\jre\lib\jfr.jar;C:\Program Files\Java\jdk1.8.0_331\jre\classes"/>
    <property name="user.script" value=""/>
    <property name="sun.management.compiler" value="HotSpot 64-Bit Tiered Compilers"/>
    <property name="java.runtime.version" value="1.8.0_331-b09"/>
    <property name="user.name" value="23839"/>
    <property name="path.separator" value=";"/>
    <property name="os.version" value="10.0"/>
    <property name="java.endorsed.dirs" value="C:\Program Files\Java\jdk1.8.0_331\jre\lib\endorsed"/>
    <property name="java.runtime.name" value="Java(TM) SE Runtime Environment"/>
    <property name="file.encoding" value="GBK"/>
    <property name="java.vm.name" value="Java HotSpot(TM) 64-Bit Server VM"/>
    <property name="localRepository" value="D:\apache-maven-3.6.1\repository"/>
    <property name="java.vendor.url.bug" value="http://bugreport.sun.com/bugreport/"/>
    <property name="java.io.tmpdir" value="C:\Users\23839\AppData\Local\Temp\"/>
    <property name="java.version" value="1.8.0_331"/>
    <property name="user.dir" value="D:\high_concurrent\grad"/>
    <property name="os.arch" value="amd64"/>
    <property name="java.vm.specification.name" value="Java Virtual Machine Specification"/>
    <property name="java.awt.printerjob" value="sun.awt.windows.WPrinterJob"/>
    <property name="sun.os.patch.level" value=""/>
    <property name="java.library.path" value="C:\Program Files\Java\jdk1.8.0_331\jre\bin;C:\WINDOWS\Sun\Java\bin;C:\WINDOWS\system32;C:\WINDOWS;D:\vmwareworkstation\bin\;C:\Program Files\Java\jdk1.8.0_331\bin;C:\Program Files\Java\jdk1.8.0_331\jre\bin;C:\Program Files\Common Files\Oracle\Java\javapath;C:\Windows\system32;C:\Windows;C:\Windows\System32\Wbem;C:\Windows\System32\WindowsPowerShell\v1.0\;C:\Windows\System32\OpenSSH\;C:\Program Files (x86)\NVIDIA Corporation\PhysX\Common;C:\Program Files\NVIDIA Corporation\NVIDIA NvDLISR;D:\apache-maven-3.6.1\bin;C:\Program Files\Docker\Docker\resources\bin;C:\Users\23839\Desktop\apache-jmeter-5.5\bin;C:\Erlang OTP\bin;C:\WINDOWS\system32;C:\WINDOWS;C:\WINDOWS\System32\Wbem;C:\WINDOWS\System32\WindowsPowerShell\v1.0\;C:\WINDOWS\System32\OpenSSH\;C:\Program Files\dotnet\;D:\Git\cmd;C:\ProgramData\chocolatey\bin;D:\workplace;C:\Users\23839\Desktop\tomcat8087\bin;C:\Users\23839\Desktop\tomcat8067\bin;C:\Users\23839\AppData\Local\Programs\Python\Python311\Scripts\;C:\Users\23839\AppData\Local\Programs\Python\Python311\;C:\Program Files\MySQL\MySQL Shell 8.0\bin\;C:\Users\23839\AppData\Local\Microsoft\WindowsApps;C:\Program Files\JetBrains\IntelliJ IDEA 2022.2.2\bin;;C:\Users\23839\AppData\Local\GitHubDesktop\bin;D:\workplace\node_global;D:\workplace;;D:\Program Files (x86)\Microsoft VS Code\bin;."/>
    <property name="java.vm.info" value="mixed mode"/>
    <property name="java.vendor" value="Oracle Corporation"/>
    <property name="java.vm.version" value="25.331-b09"/>
    <property name="java.ext.dirs" value="C:\Program Files\Java\jdk1.8.0_331\jre\lib\ext;C:\WINDOWS\Sun\Java\lib\ext"/>
    <property name="sun.io.unicode.encoding" value="UnicodeLittle"/>
    <property name="java.class.version" value="52.0"/>
  </properties>
  <testcase name="feedmange" classname="com.high_con.grad.controller.AdminControllerTest" time="0.014"/>
  <testcase name="user_manage" classname="com.high_con.grad.controller.AdminControllerTest" time="0"/>
  <testcase name="coursemange" classname="com.high_con.grad.controller.AdminControllerTest" time="0"/>
</testsuite>